# JRE version: Java(TM) SE Runtime Environment (8.0_45-b15) (build 1.8.0_45-b15)
# Java VM: Java HotSpot(TM) 64-Bit Server VM (25.45-b02 mixed mode windows-amd64 compressed oops)
Heap:
 PSYoungGen      total 139264K, used 101398K [0x000000076ab00000, 0x0000000774d00000, 0x00000007c0000000)
  eden space 124928K, 69% used [0x000000076ab00000,0x000000077000b8e8,0x0000000772500000)
  from space 14336K, 99% used [0x0000000773700000,0x00000007744fa028,0x0000000774500000)
  to   space 18432K, 0% used [0x0000000772500000,0x0000000772500000,0x0000000773700000)
 ParOldGen       total 44032K, used 25545K [0x00000006c0000000, 0x00000006c2b00000, 0x000000076ab00000)
  object space 44032K, 58% used [0x00000006c0000000,0x00000006c18f2768,0x00000006c2b00000)
 Metaspace       used 7407K, capacity 7832K, committed 7936K, reserved 1058816K
  class space    used 692K, capacity 720K, committed 768K, reserved 1048576K
GC Heap History (10 events):
Event: 23.355 GC heap before
{Heap before GC invocations=4 (full 0):
 PSYoungGen      total 18944K, used 18936K [0x000000076ab00000, 0x000000076d000000, 0x00000007c0000000)
  eden space 16384K, 100% used [0x000000076ab00000,0x000000076bb00000,0x000000076bb00000)
  from space 2560K, 99% used [0x000000076bb00000,0x000000076bd7e1a0,0x000000076bd80000)
  to   space 2560K, 0% used [0x000000076cd80000,0x000000076cd80000,0x000000076d000000)
 ParOldGen       total 44032K, used 5452K [0x00000006c0000000, 0x00000006c2b00000, 0x000000076ab00000)
  object space 44032K, 12% used [0x00000006c0000000,0x00000006c05533f0,0x00000006c2b00000)
 Metaspace       used 6165K, capacity 7088K, committed 7296K, reserved 1056768K
  class space    used 593K, capacity 616K, committed 640K, reserved 1048576K
Event: 23.449 GC heap after
Heap after GC invocations=4 (full 0):
 PSYoungGen      total 35328K, used 2550K [0x000000076ab00000, 0x000000076d000000, 0x00000007c0000000)
  eden space 32768K, 0% used [0x000000076ab00000,0x000000076ab00000,0x000000076cb00000)
  from space 2560K, 99% used [0x000000076cd80000,0x000000076cffdb40,0x000000076d000000)
  to   space 2560K, 0% used [0x000000076cb00000,0x000000076cb00000,0x000000076cd80000)
 ParOldGen       total 44032K, used 8198K [0x00000006c0000000, 0x00000006c2b00000, 0x000000076ab00000)
  object space 44032K, 18% used [0x00000006c0000000,0x00000006c0801ae8,0x00000006c2b00000)
 Metaspace       used 6165K, capacity 7088K, committed 7296K, reserved 1056768K
  class space    used 593K, capacity 616K, committed 640K, reserved 1048576K
}
Event: 24.204 GC heap before
{Heap before GC invocations=5 (full 0):
 PSYoungGen      total 35328K, used 35318K [0x000000076ab00000, 0x000000076d000000, 0x00000007c0000000)
  eden space 32768K, 100% used [0x000000076ab00000,0x000000076cb00000,0x000000076cb00000)
  from space 2560K, 99% used [0x000000076cd80000,0x000000076cffdb40,0x000000076d000000)
  to   space 2560K, 0% used [0x000000076cb00000,0x000000076cb00000,0x000000076cd80000)
 ParOldGen       total 44032K, used 8198K [0x00000006c0000000, 0x00000006c2b00000, 0x000000076ab00000)
  object space 44032K, 18% used [0x00000006c0000000,0x00000006c0801ae8,0x00000006c2b00000)
 Metaspace       used 6208K, capacity 7152K, committed 7296K, reserved 1056768K
  class space    used 593K, capacity 616K, committed 640K, reserved 1048576K
Event: 24.320 GC heap after
Heap after GC invocations=5 (full 0):
 PSYoungGen      total 35328K, used 2550K [0x000000076ab00000, 0x000000076fb00000, 0x00000007c0000000)
  eden space 32768K, 0% used [0x000000076ab00000,0x000000076ab00000,0x000000076cb00000)
  from space 2560K, 99% used [0x000000076cb00000,0x000000076cd7da38,0x000000076cd80000)
  to   space 8192K, 0% used [0x000000076f300000,0x000000076f300000,0x000000076fb00000)
 ParOldGen       total 44032K, used 13479K [0x00000006c0000000, 0x00000006c2b00000, 0x000000076ab00000)
  object space 44032K, 30% used [0x00000006c0000000,0x00000006c0d29d80,0x00000006c2b00000)
 Metaspace       used 6208K, capacity 7152K, committed 7296K, reserved 1056768K
  class space    used 593K, capacity 616K, committed 640K, reserved 1048576K
}
Event: 24.633 GC heap before
{Heap before GC invocations=6 (full 0):
 PSYoungGen      total 35328K, used 35318K [0x000000076ab00000, 0x000000076fb00000, 0x00000007c0000000)
  eden space 32768K, 100% used [0x000000076ab00000,0x000000076cb00000,0x000000076cb00000)
  from space 2560K, 99% used [0x000000076cb00000,0x000000076cd7da38,0x000000076cd80000)
  to   space 8192K, 0% used [0x000000076f300000,0x000000076f300000,0x000000076fb00000)
 ParOldGen       total 44032K, used 13479K [0x00000006c0000000, 0x00000006c2b00000, 0x000000076ab00000)
  object space 44032K, 30% used [0x00000006c0000000,0x00000006c0d29d80,0x00000006c2b00000)
 Metaspace       used 6239K, capacity 7152K, committed 7296K, reserved 1056768K
  class space    used 594K, capacity 616K, committed 640K, reserved 1048576K
Event: 24.657 GC heap after
Heap after GC invocations=6 (full 0):
 PSYoungGen      total 72704K, used 7825K [0x000000076ab00000, 0x000000076fd00000, 0x00000007c0000000)
  eden space 64512K, 0% used [0x000000076ab00000,0x000000076ab00000,0x000000076ea00000)
  from space 8192K, 95% used [0x000000076f300000,0x000000076faa44a8,0x000000076fb00000)
  to   space 9216K, 0% used [0x000000076ea00000,0x000000076ea00000,0x000000076f300000)
 ParOldGen       total 44032K, used 13479K [0x00000006c0000000, 0x00000006c2b00000, 0x000000076ab00000)
  object space 44032K, 30% used [0x00000006c0000000,0x00000006c0d29d80,0x00000006c2b00000)
 Metaspace       used 6239K, capacity 7152K, committed 7296K, reserved 1056768K
  class space    used 594K, capacity 616K, committed 640K, reserved 1048576K
}
Event: 25.258 GC heap before
{Heap before GC invocations=7 (full 0):
 PSYoungGen      total 72704K, used 72337K [0x000000076ab00000, 0x000000076fd00000, 0x00000007c0000000)
  eden space 64512K, 100% used [0x000000076ab00000,0x000000076ea00000,0x000000076ea00000)
  from space 8192K, 95% used [0x000000076f300000,0x000000076faa44a8,0x000000076fb00000)
  to   space 9216K, 0% used [0x000000076ea00000,0x000000076ea00000,0x000000076f300000)
 ParOldGen       total 44032K, used 13479K [0x00000006c0000000, 0x00000006c2b00000, 0x000000076ab00000)
  object space 44032K, 30% used [0x00000006c0000000,0x00000006c0d29d80,0x00000006c2b00000)
 Metaspace       used 6345K, capacity 7192K, committed 7424K, reserved 1056768K
  class space    used 614K, capacity 656K, committed 768K, reserved 1048576K
Event: 25.291 GC heap after
Heap after GC invocations=7 (full 0):
 PSYoungGen      total 73728K, used 9200K [0x000000076ab00000, 0x0000000774500000, 0x00000007c0000000)
  eden space 64512K, 0% used [0x000000076ab00000,0x000000076ab00000,0x000000076ea00000)
  from space 9216K, 99% used [0x000000076ea00000,0x000000076f2fc008,0x000000076f300000)
  to   space 14336K, 0% used [0x0000000773700000,0x0000000773700000,0x0000000774500000)
 ParOldGen       total 44032K, used 21064K [0x00000006c0000000, 0x00000006c2b00000, 0x000000076ab00000)
  object space 44032K, 47% used [0x00000006c0000000,0x00000006c1492220,0x00000006c2b00000)
 Metaspace       used 6345K, capacity 7192K, committed 7424K, reserved 1056768K
  class space    used 614K, capacity 656K, committed 768K, reserved 1048576K
}
Event: 25.776 GC heap before
{Heap before GC invocations=8 (full 0):
 PSYoungGen      total 73728K, used 73712K [0x000000076ab00000, 0x0000000774500000, 0x00000007c0000000)
  eden space 64512K, 100% used [0x000000076ab00000,0x000000076ea00000,0x000000076ea00000)
  from space 9216K, 99% used [0x000000076ea00000,0x000000076f2fc008,0x000000076f300000)
  to   space 14336K, 0% used [0x0000000773700000,0x0000000773700000,0x0000000774500000)
 ParOldGen       total 44032K, used 21064K [0x00000006c0000000, 0x00000006c2b00000, 0x000000076ab00000)
  object space 44032K, 47% used [0x00000006c0000000,0x00000006c1492220,0x00000006c2b00000)
 Metaspace       used 6405K, capacity 7256K, committed 7424K, reserved 1056768K
  class space    used 614K, capacity 656K, committed 768K, reserved 1048576K
Event: 25.811 GC heap after
Heap after GC invocations=8 (full 0):
 PSYoungGen      total 139264K, used 14312K [0x000000076ab00000, 0x0000000774d00000, 0x00000007c0000000)
  eden space 124928K, 0% used [0x000000076ab00000,0x000000076ab00000,0x0000000772500000)
  from space 14336K, 99% used [0x0000000773700000,0x00000007744fa028,0x0000000774500000)
  to   space 18432K, 0% used [0x0000000772500000,0x0000000772500000,0x0000000773700000)
 ParOldGen       total 44032K, used 25545K [0x00000006c0000000, 0x00000006c2b00000, 0x000000076ab00000)
  object space 44032K, 58% used [0x00000006c0000000,0x00000006c18f2768,0x00000006c2b00000)
 Metaspace       used 6405K, capacity 7256K, committed 7424K, reserved 1056768K
  class space    used 614K, capacity 656K, committed 768K, reserved 1048576K
}

